# JRE version: OpenJDK Runtime Environment (8.0_242-b01) (build 1.8.0_242-release-1644-b01)
# Java VM: OpenJDK 64-Bit Server VM (25.242-b01 mixed mode windows-amd64 compressed oops)
Heap:
 PSYoungGen      total 289792K, used 60074K [0x00000000d5580000, 0x00000000e8200000, 0x0000000100000000)
  eden space 271872K, 19% used [0x00000000d5580000,0x00000000d8a39a20,0x00000000e5f00000)
  from space 17920K, 33% used [0x00000000e5f00000,0x00000000e64f0f30,0x00000000e7080000)
  to   space 15872K, 0% used [0x00000000e7280000,0x00000000e7280000,0x00000000e8200000)
 ParOldGen       total 135680K, used 71644K [0x0000000080000000, 0x0000000088480000, 0x00000000d5580000)
  object space 135680K, 52% used [0x0000000080000000,0x00000000845f7158,0x0000000088480000)
 Metaspace       used 67700K, capacity 70752K, committed 71088K, reserved 1110016K
  class space    used 9377K, capacity 10019K, committed 10160K, reserved 1048576K
GC Heap History (10 events):
Event: 20.521 GC heap before
{Heap before GC invocations=13 (full 2):
 PSYoungGen      total 206336K, used 194048K [0x00000000d5580000, 0x00000000e2d00000, 0x0000000100000000)
  eden space 194048K, 100% used [0x00000000d5580000,0x00000000e1300000,0x00000000e1300000)
  from space 12288K, 0% used [0x00000000e2100000,0x00000000e2100000,0x00000000e2d00000)
  to   space 13312K, 0% used [0x00000000e1300000,0x00000000e1300000,0x00000000e2000000)
 ParOldGen       total 44032K, used 15343K [0x0000000080000000, 0x0000000082b00000, 0x00000000d5580000)
  object space 44032K, 34% used [0x0000000080000000,0x0000000080efbc08,0x0000000082b00000)
 Metaspace       used 50968K, capacity 52662K, committed 52784K, reserved 1095680K
  class space    used 6816K, capacity 7198K, committed 7216K, reserved 1048576K
Event: 20.567 GC heap after
Heap after GC invocations=13 (full 2):
 PSYoungGen      total 207360K, used 13301K [0x00000000d5580000, 0x00000000e8500000, 0x0000000100000000)
  eden space 194048K, 0% used [0x00000000d5580000,0x00000000d5580000,0x00000000e1300000)
  from space 13312K, 99% used [0x00000000e1300000,0x00000000e1ffd610,0x00000000e2000000)
  to   space 18944K, 0% used [0x00000000e7280000,0x00000000e7280000,0x00000000e8500000)
 ParOldGen       total 44032K, used 25439K [0x0000000080000000, 0x0000000082b00000, 0x00000000d5580000)
  object space 44032K, 57% used [0x0000000080000000,0x00000000818d7ff0,0x0000000082b00000)
 Metaspace       used 50968K, capacity 52662K, committed 52784K, reserved 1095680K
  class space    used 6816K, capacity 7198K, committed 7216K, reserved 1048576K
}
Event: 22.055 GC heap before
{Heap before GC invocations=14 (full 2):
 PSYoungGen      total 207360K, used 86511K [0x00000000d5580000, 0x00000000e8500000, 0x0000000100000000)
  eden space 194048K, 37% used [0x00000000d5580000,0x00000000d9cfe6c8,0x00000000e1300000)
  from space 13312K, 99% used [0x00000000e1300000,0x00000000e1ffd610,0x00000000e2000000)
  to   space 18944K, 0% used [0x00000000e7280000,0x00000000e7280000,0x00000000e8500000)
 ParOldGen       total 44032K, used 25439K [0x0000000080000000, 0x0000000082b00000, 0x00000000d5580000)
  object space 44032K, 57% used [0x0000000080000000,0x00000000818d7ff0,0x0000000082b00000)
 Metaspace       used 57120K, capacity 59018K, committed 59160K, reserved 1099776K
  class space    used 7830K, capacity 8276K, committed 8368K, reserved 1048576K
Event: 22.091 GC heap after
Heap after GC invocations=14 (full 2):
 PSYoungGen      total 287744K, used 7874K [0x00000000d5580000, 0x00000000e8200000, 0x0000000100000000)
  eden space 271872K, 0% used [0x00000000d5580000,0x00000000d5580000,0x00000000e5f00000)
  from space 15872K, 49% used [0x00000000e7280000,0x00000000e7a30af0,0x00000000e8200000)
  to   space 17920K, 0% used [0x00000000e5f00000,0x00000000e5f00000,0x00000000e7080000)
 ParOldGen       total 44032K, used 37807K [0x0000000080000000, 0x0000000082b00000, 0x00000000d5580000)
  object space 44032K, 85% used [0x0000000080000000,0x00000000824ebd80,0x0000000082b00000)
 Metaspace       used 57120K, capacity 59018K, committed 59160K, reserved 1099776K
  class space    used 7830K, capacity 8276K, committed 8368K, reserved 1048576K
}
Event: 22.091 GC heap before
{Heap before GC invocations=15 (full 3):
 PSYoungGen      total 287744K, used 7874K [0x00000000d5580000, 0x00000000e8200000, 0x0000000100000000)
  eden space 271872K, 0% used [0x00000000d5580000,0x00000000d5580000,0x00000000e5f00000)
  from space 15872K, 49% used [0x00000000e7280000,0x00000000e7a30af0,0x00000000e8200000)
  to   space 17920K, 0% used [0x00000000e5f00000,0x00000000e5f00000,0x00000000e7080000)
 ParOldGen       total 44032K, used 37807K [0x0000000080000000, 0x0000000082b00000, 0x00000000d5580000)
  object space 44032K, 85% used [0x0000000080000000,0x00000000824ebd80,0x0000000082b00000)
 Metaspace       used 57120K, capacity 59018K, committed 59160K, reserved 1099776K
  class space    used 7830K, capacity 8276K, committed 8368K, reserved 1048576K
Event: 22.437 GC heap after
Heap after GC invocations=15 (full 3):
 PSYoungGen      total 287744K, used 0K [0x00000000d5580000, 0x00000000e8200000, 0x0000000100000000)
  eden space 271872K, 0% used [0x00000000d5580000,0x00000000d5580000,0x00000000e5f00000)
  from space 15872K, 0% used [0x00000000e7280000,0x00000000e7280000,0x00000000e8200000)
  to   space 17920K, 0% used [0x00000000e5f00000,0x00000000e5f00000,0x00000000e7080000)
 ParOldGen       total 74240K, used 32134K [0x0000000080000000, 0x0000000084880000, 0x00000000d5580000)
  object space 74240K, 43% used [0x0000000080000000,0x0000000081f61b50,0x0000000084880000)
 Metaspace       used 57120K, capacity 59018K, committed 59160K, reserved 1099776K
  class space    used 7830K, capacity 8276K, committed 8368K, reserved 1048576K
}
Event: 31.124 GC heap before
{Heap before GC invocations=16 (full 3):
 PSYoungGen      total 287744K, used 271872K [0x00000000d5580000, 0x00000000e8200000, 0x0000000100000000)
  eden space 271872K, 100% used [0x00000000d5580000,0x00000000e5f00000,0x00000000e5f00000)
  from space 15872K, 0% used [0x00000000e7280000,0x00000000e7280000,0x00000000e8200000)
  to   space 17920K, 0% used [0x00000000e5f00000,0x00000000e5f00000,0x00000000e7080000)
 ParOldGen       total 74240K, used 32134K [0x0000000080000000, 0x0000000084880000, 0x00000000d5580000)
  object space 74240K, 43% used [0x0000000080000000,0x0000000081f61b50,0x0000000084880000)
 Metaspace       used 67402K, capacity 70656K, committed 70704K, reserved 1110016K
  class space    used 9371K, capacity 10023K, committed 10032K, reserved 1048576K
Event: 31.246 GC heap after
Heap after GC invocations=16 (full 3):
 PSYoungGen      total 289792K, used 17894K [0x00000000d5580000, 0x00000000e8200000, 0x0000000100000000)
  eden space 271872K, 0% used [0x00000000d5580000,0x00000000d5580000,0x00000000e5f00000)
  from space 17920K, 99% used [0x00000000e5f00000,0x00000000e7079808,0x00000000e7080000)
  to   space 15872K, 0% used [0x00000000e7280000,0x00000000e7280000,0x00000000e8200000)
 ParOldGen       total 74240K, used 65556K [0x0000000080000000, 0x0000000084880000, 0x00000000d5580000)
  object space 74240K, 88% used [0x0000000080000000,0x0000000084005078,0x0000000084880000)
 Metaspace       used 67402K, capacity 70656K, committed 70704K, reserved 1110016K
  class space    used 9371K, capacity 10023K, committed 10032K, reserved 1048576K
}
Event: 31.246 GC heap before
{Heap before GC invocations=17 (full 4):
 PSYoungGen      total 289792K, used 17894K [0x00000000d5580000, 0x00000000e8200000, 0x0000000100000000)
  eden space 271872K, 0% used [0x00000000d5580000,0x00000000d5580000,0x00000000e5f00000)
  from space 17920K, 99% used [0x00000000e5f00000,0x00000000e7079808,0x00000000e7080000)
  to   space 15872K, 0% used [0x00000000e7280000,0x00000000e7280000,0x00000000e8200000)
 ParOldGen       total 74240K, used 65556K [0x0000000080000000, 0x0000000084880000, 0x00000000d5580000)
  object space 74240K, 88% used [0x0000000080000000,0x0000000084005078,0x0000000084880000)
 Metaspace       used 67402K, capacity 70656K, committed 70704K, reserved 1110016K
  class space    used 9371K, capacity 10023K, committed 10032K, reserved 1048576K
Event: 32.115 GC heap after
Heap after GC invocations=17 (full 4):
 PSYoungGen      total 289792K, used 6083K [0x00000000d5580000, 0x00000000e8200000, 0x0000000100000000)
  eden space 271872K, 0% used [0x00000000d5580000,0x00000000d5580000,0x00000000e5f00000)
  from space 17920K, 33% used [0x00000000e5f00000,0x00000000e64f0f30,0x00000000e7080000)
  to   space 15872K, 0% used [0x00000000e7280000,0x00000000e7280000,0x00000000e8200000)
 ParOldGen       total 135680K, used 71644K [0x0000000080000000, 0x0000000088480000, 0x00000000d5580000)
  object space 135680K, 52% used [0x0000000080000000,0x00000000845f7158,0x0000000088480000)
 Metaspace       used 67244K, capacity 70218K, committed 70704K, reserved 1110016K
  class space    used 9319K, capacity 9930K, committed 10032K, reserved 1048576K
}

