# JRE version: OpenJDK Runtime Environment (8.0_242-b01) (build 1.8.0_242-release-1644-b01)
# Java VM: OpenJDK 64-Bit Server VM (25.242-b01 mixed mode windows-amd64 compressed oops)
Heap:
 PSYoungGen      total 194560K, used 108920K [0x00000000d5580000, 0x00000000e4d80000, 0x0000000100000000)
  eden space 181248K, 52% used [0x00000000d5580000,0x00000000db2eff70,0x00000000e0680000)
  from space 13312K, 99% used [0x00000000e4080000,0x00000000e4d6e190,0x00000000e4d80000)
  to   space 28672K, 0% used [0x00000000e1580000,0x00000000e1580000,0x00000000e3180000)
 ParOldGen       total 78848K, used 62464K [0x0000000080000000, 0x0000000084d00000, 0x00000000d5580000)
  object space 78848K, 79% used [0x0000000080000000,0x0000000083d000f0,0x0000000084d00000)
 Metaspace       used 89430K, capacity 93528K, committed 93616K, reserved 1130496K
  class space    used 11517K, capacity 12385K, committed 12464K, reserved 1048576K
GC Heap History (10 events):
Event: 32.937 GC heap before
{Heap before GC invocations=17 (full 3):
 PSYoungGen      total 173568K, used 11751K [0x00000000d5580000, 0x00000000e2180000, 0x0000000100000000)
  eden space 157184K, 0% used [0x00000000d5580000,0x00000000d5580000,0x00000000def00000)
  from space 16384K, 71% used [0x00000000e0000000,0x00000000e0b79e28,0x00000000e1000000)
  to   space 17408K, 0% used [0x00000000def00000,0x00000000def00000,0x00000000e0000000)
 ParOldGen       total 46080K, used 28303K [0x0000000080000000, 0x0000000082d00000, 0x00000000d5580000)
  object space 46080K, 61% used [0x0000000080000000,0x0000000081ba3d48,0x0000000082d00000)
 Metaspace       used 57003K, capacity 59102K, committed 59160K, reserved 1099776K
  class space    used 7608K, capacity 8092K, committed 8112K, reserved 1048576K
Event: 33.309 GC heap after
Heap after GC invocations=17 (full 3):
 PSYoungGen      total 173568K, used 0K [0x00000000d5580000, 0x00000000e2180000, 0x0000000100000000)
  eden space 157184K, 0% used [0x00000000d5580000,0x00000000d5580000,0x00000000def00000)
  from space 16384K, 0% used [0x00000000e0000000,0x00000000e0000000,0x00000000e1000000)
  to   space 17408K, 0% used [0x00000000def00000,0x00000000def00000,0x00000000e0000000)
 ParOldGen       total 78848K, used 34518K [0x0000000080000000, 0x0000000084d00000, 0x00000000d5580000)
  object space 78848K, 43% used [0x0000000080000000,0x00000000821b5860,0x0000000084d00000)
 Metaspace       used 56918K, capacity 58874K, committed 59160K, reserved 1099776K
  class space    used 7586K, capacity 8065K, committed 8112K, reserved 1048576K
}
Event: 38.855 GC heap before
{Heap before GC invocations=18 (full 3):
 PSYoungGen      total 173568K, used 157184K [0x00000000d5580000, 0x00000000e2180000, 0x0000000100000000)
  eden space 157184K, 100% used [0x00000000d5580000,0x00000000def00000,0x00000000def00000)
  from space 16384K, 0% used [0x00000000e0000000,0x00000000e0000000,0x00000000e1000000)
  to   space 17408K, 0% used [0x00000000def00000,0x00000000def00000,0x00000000e0000000)
 ParOldGen       total 78848K, used 34518K [0x0000000080000000, 0x0000000084d00000, 0x00000000d5580000)
  object space 78848K, 43% used [0x0000000080000000,0x00000000821b5860,0x0000000084d00000)
 Metaspace       used 64466K, capacity 66842K, committed 67120K, reserved 1107968K
  class space    used 8717K, capacity 9230K, committed 9264K, reserved 1048576K
Event: 38.884 GC heap after
Heap after GC invocations=18 (full 3):
 PSYoungGen      total 174592K, used 12432K [0x00000000d5580000, 0x00000000e3580000, 0x0000000100000000)
  eden space 157184K, 0% used [0x00000000d5580000,0x00000000d5580000,0x00000000def00000)
  from space 17408K, 71% used [0x00000000def00000,0x00000000dfb24048,0x00000000e0000000)
  to   space 17920K, 0% used [0x00000000e2400000,0x00000000e2400000,0x00000000e3580000)
 ParOldGen       total 78848K, used 34526K [0x0000000080000000, 0x0000000084d00000, 0x00000000d5580000)
  object space 78848K, 43% used [0x0000000080000000,0x00000000821b7860,0x0000000084d00000)
 Metaspace       used 64466K, capacity 66842K, committed 67120K, reserved 1107968K
  class space    used 8717K, capacity 9230K, committed 9264K, reserved 1048576K
}
Event: 50.416 GC heap before
{Heap before GC invocations=19 (full 3):
 PSYoungGen      total 174592K, used 169616K [0x00000000d5580000, 0x00000000e3580000, 0x0000000100000000)
  eden space 157184K, 100% used [0x00000000d5580000,0x00000000def00000,0x00000000def00000)
  from space 17408K, 71% used [0x00000000def00000,0x00000000dfb24048,0x00000000e0000000)
  to   space 17920K, 0% used [0x00000000e2400000,0x00000000e2400000,0x00000000e3580000)
 ParOldGen       total 78848K, used 34526K [0x0000000080000000, 0x0000000084d00000, 0x00000000d5580000)
  object space 78848K, 43% used [0x0000000080000000,0x00000000821b7860,0x0000000084d00000)
 Metaspace       used 73789K, capacity 76852K, committed 76976K, reserved 1116160K
  class space    used 9959K, capacity 10630K, committed 10672K, reserved 1048576K
Event: 50.464 GC heap after
Heap after GC invocations=19 (full 3):
 PSYoungGen      total 206848K, used 17894K [0x00000000d5580000, 0x00000000e3a80000, 0x0000000100000000)
  eden space 188928K, 0% used [0x00000000d5580000,0x00000000d5580000,0x00000000e0e00000)
  from space 17920K, 99% used [0x00000000e2400000,0x00000000e3579878,0x00000000e3580000)
  to   space 22528K, 0% used [0x00000000e0e00000,0x00000000e0e00000,0x00000000e2400000)
 ParOldGen       total 78848K, used 38826K [0x0000000080000000, 0x0000000084d00000, 0x00000000d5580000)
  object space 78848K, 49% used [0x0000000080000000,0x00000000825ea9b8,0x0000000084d00000)
 Metaspace       used 73789K, capacity 76852K, committed 76976K, reserved 1116160K
  class space    used 9959K, capacity 10630K, committed 10672K, reserved 1048576K
}
Event: 113.660 GC heap before
{Heap before GC invocations=20 (full 3):
 PSYoungGen      total 206848K, used 206822K [0x00000000d5580000, 0x00000000e3a80000, 0x0000000100000000)
  eden space 188928K, 100% used [0x00000000d5580000,0x00000000e0e00000,0x00000000e0e00000)
  from space 17920K, 99% used [0x00000000e2400000,0x00000000e3579878,0x00000000e3580000)
  to   space 22528K, 0% used [0x00000000e0e00000,0x00000000e0e00000,0x00000000e2400000)
 ParOldGen       total 78848K, used 38826K [0x0000000080000000, 0x0000000084d00000, 0x00000000d5580000)
  object space 78848K, 49% used [0x0000000080000000,0x00000000825ea9b8,0x0000000084d00000)
 Metaspace       used 82537K, capacity 85926K, committed 86064K, reserved 1124352K
  class space    used 10742K, capacity 11456K, committed 11568K, reserved 1048576K
Event: 113.779 GC heap after
Heap after GC invocations=20 (full 3):
 PSYoungGen      total 211456K, used 22527K [0x00000000d5580000, 0x00000000e5d80000, 0x0000000100000000)
  eden space 188928K, 0% used [0x00000000d5580000,0x00000000d5580000,0x00000000e0e00000)
  from space 22528K, 99% used [0x00000000e0e00000,0x00000000e23ffd20,0x00000000e2400000)
  to   space 29696K, 0% used [0x00000000e4080000,0x00000000e4080000,0x00000000e5d80000)
 ParOldGen       total 78848K, used 48816K [0x0000000080000000, 0x0000000084d00000, 0x00000000d5580000)
  object space 78848K, 61% used [0x0000000080000000,0x0000000082fac268,0x0000000084d00000)
 Metaspace       used 82537K, capacity 85926K, committed 86064K, reserved 1124352K
  class space    used 10742K, capacity 11456K, committed 11568K, reserved 1048576K
}
Event: 2555.241 GC heap before
{Heap before GC invocations=21 (full 3):
 PSYoungGen      total 211456K, used 211455K [0x00000000d5580000, 0x00000000e5d80000, 0x0000000100000000)
  eden space 188928K, 100% used [0x00000000d5580000,0x00000000e0e00000,0x00000000e0e00000)
  from space 22528K, 99% used [0x00000000e0e00000,0x00000000e23ffd20,0x00000000e2400000)
  to   space 29696K, 0% used [0x00000000e4080000,0x00000000e4080000,0x00000000e5d80000)
 ParOldGen       total 78848K, used 48816K [0x0000000080000000, 0x0000000084d00000, 0x00000000d5580000)
  object space 78848K, 61% used [0x0000000080000000,0x0000000082fac268,0x0000000084d00000)
 Metaspace       used 86197K, capacity 90162K, committed 90416K, reserved 1128448K
  class space    used 11197K, capacity 12052K, committed 12080K, reserved 1048576K
Event: 2555.607 GC heap after
Heap after GC invocations=21 (full 3):
 PSYoungGen      total 194560K, used 13240K [0x00000000d5580000, 0x00000000e4d80000, 0x0000000100000000)
  eden space 181248K, 0% used [0x00000000d5580000,0x00000000d5580000,0x00000000e0680000)
  from space 13312K, 99% used [0x00000000e4080000,0x00000000e4d6e190,0x00000000e4d80000)
  to   space 28672K, 0% used [0x00000000e1580000,0x00000000e1580000,0x00000000e3180000)
 ParOldGen       total 78848K, used 62464K [0x0000000080000000, 0x0000000084d00000, 0x00000000d5580000)
  object space 78848K, 79% used [0x0000000080000000,0x0000000083d000f0,0x0000000084d00000)
 Metaspace       used 86197K, capacity 90162K, committed 90416K, reserved 1128448K
  class space    used 11197K, capacity 12052K, committed 12080K, reserved 1048576K
}

