# JRE version: OpenJDK Runtime Environment (8.0_242-b01) (build 1.8.0_242-release-1644-b01)
# Java VM: OpenJDK 64-Bit Server VM (25.242-b01 mixed mode windows-amd64 compressed oops)
Heap:
 PSYoungGen      total 193536K, used 82781K [0x00000000d5580000, 0x00000000e4500000, 0x0000000100000000)
  eden space 172544K, 46% used [0x00000000d5580000,0x00000000da4624b0,0x00000000dfe00000)
  from space 20992K, 9% used [0x00000000e1c00000,0x00000000e1df5010,0x00000000e3080000)
  to   space 30720K, 0% used [0x00000000dfe00000,0x00000000dfe00000,0x00000000e1c00000)
 ParOldGen       total 79872K, used 79365K [0x0000000080000000, 0x0000000084e00000, 0x00000000d5580000)
  object space 79872K, 99% used [0x0000000080000000,0x0000000084d81448,0x0000000084e00000)
 Metaspace       used 88085K, capacity 92038K, committed 92976K, reserved 1130496K
  class space    used 11669K, capacity 12374K, committed 12592K, reserved 1048576K
GC Heap History (10 events):
Event: 65.537 GC heap before
{Heap before GC invocations=32 (full 3):
 PSYoungGen      total 164864K, used 154268K [0x00000000d5580000, 0x00000000e1100000, 0x0000000100000000)
  eden space 140800K, 100% used [0x00000000d5580000,0x00000000ddf00000,0x00000000ddf00000)
  from space 24064K, 55% used [0x00000000df680000,0x00000000e03a7350,0x00000000e0e00000)
  to   space 24064K, 0% used [0x00000000ddf00000,0x00000000ddf00000,0x00000000df680000)
 ParOldGen       total 79872K, used 59820K [0x0000000080000000, 0x0000000084e00000, 0x00000000d5580000)
  object space 79872K, 74% used [0x0000000080000000,0x0000000083a6b0a0,0x0000000084e00000)
 Metaspace       used 87330K, capacity 91804K, committed 91952K, reserved 1128448K
  class space    used 11697K, capacity 12487K, committed 12592K, reserved 1048576K
Event: 65.560 GC heap after
Heap after GC invocations=32 (full 3):
 PSYoungGen      total 164864K, used 11276K [0x00000000d5580000, 0x00000000e1d80000, 0x0000000100000000)
  eden space 140800K, 0% used [0x00000000d5580000,0x00000000d5580000,0x00000000ddf00000)
  from space 24064K, 46% used [0x00000000ddf00000,0x00000000dea03208,0x00000000df680000)
  to   space 23040K, 0% used [0x00000000e0700000,0x00000000e0700000,0x00000000e1d80000)
 ParOldGen       total 79872K, used 59828K [0x0000000080000000, 0x0000000084e00000, 0x00000000d5580000)
  object space 79872K, 74% used [0x0000000080000000,0x0000000083a6d0a0,0x0000000084e00000)
 Metaspace       used 87330K, capacity 91804K, committed 91952K, reserved 1128448K
  class space    used 11697K, capacity 12487K, committed 12592K, reserved 1048576K
}
Event: 66.743 GC heap before
{Heap before GC invocations=33 (full 3):
 PSYoungGen      total 164864K, used 152076K [0x00000000d5580000, 0x00000000e1d80000, 0x0000000100000000)
  eden space 140800K, 100% used [0x00000000d5580000,0x00000000ddf00000,0x00000000ddf00000)
  from space 24064K, 46% used [0x00000000ddf00000,0x00000000dea03208,0x00000000df680000)
  to   space 23040K, 0% used [0x00000000e0700000,0x00000000e0700000,0x00000000e1d80000)
 ParOldGen       total 79872K, used 59828K [0x0000000080000000, 0x0000000084e00000, 0x00000000d5580000)
  object space 79872K, 74% used [0x0000000080000000,0x0000000083a6d0a0,0x0000000084e00000)
 Metaspace       used 87378K, capacity 91816K, committed 91952K, reserved 1128448K
  class space    used 11697K, capacity 12487K, committed 12592K, reserved 1048576K
Event: 66.780 GC heap after
Heap after GC invocations=33 (full 3):
 PSYoungGen      total 182784K, used 11052K [0x00000000d5580000, 0x00000000e1e00000, 0x0000000100000000)
  eden space 159744K, 0% used [0x00000000d5580000,0x00000000d5580000,0x00000000df180000)
  from space 23040K, 47% used [0x00000000e0700000,0x00000000e11cb0c8,0x00000000e1d80000)
  to   space 22016K, 0% used [0x00000000df180000,0x00000000df180000,0x00000000e0700000)
 ParOldGen       total 79872K, used 59828K [0x0000000080000000, 0x0000000084e00000, 0x00000000d5580000)
  object space 79872K, 74% used [0x0000000080000000,0x0000000083a6d0a0,0x0000000084e00000)
 Metaspace       used 87378K, capacity 91816K, committed 91952K, reserved 1128448K
  class space    used 11697K, capacity 12487K, committed 12592K, reserved 1048576K
}
Event: 68.310 GC heap before
{Heap before GC invocations=34 (full 3):
 PSYoungGen      total 182784K, used 170796K [0x00000000d5580000, 0x00000000e1e00000, 0x0000000100000000)
  eden space 159744K, 100% used [0x00000000d5580000,0x00000000df180000,0x00000000df180000)
  from space 23040K, 47% used [0x00000000e0700000,0x00000000e11cb0c8,0x00000000e1d80000)
  to   space 22016K, 0% used [0x00000000df180000,0x00000000df180000,0x00000000e0700000)
 ParOldGen       total 79872K, used 59828K [0x0000000080000000, 0x0000000084e00000, 0x00000000d5580000)
  object space 79872K, 74% used [0x0000000080000000,0x0000000083a6d0a0,0x0000000084e00000)
 Metaspace       used 87420K, capacity 91892K, committed 92208K, reserved 1128448K
  class space    used 11700K, capacity 12491K, committed 12592K, reserved 1048576K
Event: 68.333 GC heap after
Heap after GC invocations=34 (full 3):
 PSYoungGen      total 181760K, used 10080K [0x00000000d5580000, 0x00000000e3080000, 0x0000000100000000)
  eden space 159744K, 0% used [0x00000000d5580000,0x00000000d5580000,0x00000000df180000)
  from space 22016K, 45% used [0x00000000df180000,0x00000000dfb582e0,0x00000000e0700000)
  to   space 20992K, 0% used [0x00000000e1c00000,0x00000000e1c00000,0x00000000e3080000)
 ParOldGen       total 79872K, used 60347K [0x0000000080000000, 0x0000000084e00000, 0x00000000d5580000)
  object space 79872K, 75% used [0x0000000080000000,0x0000000083aeedc0,0x0000000084e00000)
 Metaspace       used 87420K, capacity 91892K, committed 92208K, reserved 1128448K
  class space    used 11700K, capacity 12491K, committed 12592K, reserved 1048576K
}
Event: 71.725 GC heap before
{Heap before GC invocations=35 (full 3):
 PSYoungGen      total 181760K, used 169824K [0x00000000d5580000, 0x00000000e3080000, 0x0000000100000000)
  eden space 159744K, 100% used [0x00000000d5580000,0x00000000df180000,0x00000000df180000)
  from space 22016K, 45% used [0x00000000df180000,0x00000000dfb582e0,0x00000000e0700000)
  to   space 20992K, 0% used [0x00000000e1c00000,0x00000000e1c00000,0x00000000e3080000)
 ParOldGen       total 79872K, used 60347K [0x0000000080000000, 0x0000000084e00000, 0x00000000d5580000)
  object space 79872K, 75% used [0x0000000080000000,0x0000000083aeedc0,0x0000000084e00000)
 Metaspace       used 88381K, capacity 92876K, committed 92976K, reserved 1130496K
  class space    used 11769K, capacity 12551K, committed 12592K, reserved 1048576K
Event: 71.809 GC heap after
Heap after GC invocations=35 (full 3):
 PSYoungGen      total 193536K, used 20965K [0x00000000d5580000, 0x00000000e4500000, 0x0000000100000000)
  eden space 172544K, 0% used [0x00000000d5580000,0x00000000d5580000,0x00000000dfe00000)
  from space 20992K, 99% used [0x00000000e1c00000,0x00000000e3079688,0x00000000e3080000)
  to   space 30720K, 0% used [0x00000000dfe00000,0x00000000dfe00000,0x00000000e1c00000)
 ParOldGen       total 79872K, used 79757K [0x0000000080000000, 0x0000000084e00000, 0x00000000d5580000)
  object space 79872K, 99% used [0x0000000080000000,0x0000000084de3408,0x0000000084e00000)
 Metaspace       used 88381K, capacity 92876K, committed 92976K, reserved 1130496K
  class space    used 11769K, capacity 12551K, committed 12592K, reserved 1048576K
}
Event: 71.809 GC heap before
{Heap before GC invocations=36 (full 4):
 PSYoungGen      total 193536K, used 20965K [0x00000000d5580000, 0x00000000e4500000, 0x0000000100000000)
  eden space 172544K, 0% used [0x00000000d5580000,0x00000000d5580000,0x00000000dfe00000)
  from space 20992K, 99% used [0x00000000e1c00000,0x00000000e3079688,0x00000000e3080000)
  to   space 30720K, 0% used [0x00000000dfe00000,0x00000000dfe00000,0x00000000e1c00000)
 ParOldGen       total 79872K, used 79757K [0x0000000080000000, 0x0000000084e00000, 0x00000000d5580000)
  object space 79872K, 99% used [0x0000000080000000,0x0000000084de3408,0x0000000084e00000)
 Metaspace       used 88381K, capacity 92876K, committed 92976K, reserved 1130496K
  class space    used 11769K, capacity 12551K, committed 12592K, reserved 1048576K
Event: 72.875 GC heap after
Heap after GC invocations=36 (full 4):
 PSYoungGen      total 193536K, used 2004K [0x00000000d5580000, 0x00000000e4500000, 0x0000000100000000)
  eden space 172544K, 0% used [0x00000000d5580000,0x00000000d5580000,0x00000000dfe00000)
  from space 20992K, 9% used [0x00000000e1c00000,0x00000000e1df5010,0x00000000e3080000)
  to   space 30720K, 0% used [0x00000000dfe00000,0x00000000dfe00000,0x00000000e1c00000)
 ParOldGen       total 79872K, used 79365K [0x0000000080000000, 0x0000000084e00000, 0x00000000d5580000)
  object space 79872K, 99% used [0x0000000080000000,0x0000000084d81448,0x0000000084e00000)
 Metaspace       used 88077K, capacity 92024K, committed 92976K, reserved 1130496K
  class space    used 11668K, capacity 12373K, committed 12592K, reserved 1048576K
}

